[ 2018-10-24T21:41:31+08:00 ] 127.0.0.1 127.0.0.1 GET /Admin/Index/code_exchange
[ log ] www.bank.com/Admin/Index/code_exchange [运行时间：0.415000s][吞吐率：2.41req/s] [内存消耗：1,956.93kb] [文件加载：47]
[ error ] [8]未定义变量: lists[D:\project\bank_change.system\php\application\admin\controller\Index.php:276]
[ error ] [8]未定义变量: pager[D:\project\bank_change.system\php\application\admin\controller\Index.php:278]
[ sql ] [ DB ] CONNECT:[ UseTime:0.165000s ] mysql:dbname=bank_change_system;host=114.215.90.145;port=3306;charset=utf8
[ sql ] [ SQL ] SHOW COLUMNS FROM `ka_activity` [ RunTime:0.107000s ]
[ sql ] [ SQL ] SELECT COUNT(id) AS tp_count FROM `ka_activity` WHERE  `sid` = 37  AND `type` = 1  AND `status` IN (0,1) LIMIT 1 [ RunTime:0.108000s ]

---------------------------------------------------------------
[ 2018-10-24T21:41:32+08:00 ] 127.0.0.1 127.0.0.1 GET /Admin/Orders/code_exchange
[ log ] www.bank.com/Admin/Orders/code_exchange [运行时间：0.436000s][吞吐率：2.29req/s] [内存消耗：1,865.56kb] [文件加载：44]
[ sql ] [ DB ] CONNECT:[ UseTime:0.155000s ] mysql:dbname=bank_change_system;host=114.215.90.145;port=3306;charset=utf8
[ sql ] [ SQL ] SHOW COLUMNS FROM `ka_activity` [ RunTime:0.105000s ]
[ sql ] [ SQL ] SELECT COUNT(id) AS tp_count FROM `ka_activity` WHERE  `type` = 1  AND `sid` = 37  AND `status` IN (0,1) LIMIT 1 [ RunTime:0.130000s ]

---------------------------------------------------------------
[ 2018-10-24T21:41:33+08:00 ] 127.0.0.1 127.0.0.1 GET /Admin/Orders/sales_exchange
[ log ] www.bank.com/Admin/Orders/sales_exchange [运行时间：0.741000s][吞吐率：1.35req/s] [内存消耗：1,934.44kb] [文件加载：48]
[ error ] [8]Use of undefined constant id - assumed 'id'[D:\project\bank_change.system\php\runtime\temp\0c4c6376552755e12161fb88ee047a1e.php:241]
[ sql ] [ DB ] CONNECT:[ UseTime:0.162000s ] mysql:dbname=bank_change_system;host=114.215.90.145;port=3306;charset=utf8
[ sql ] [ SQL ] SHOW COLUMNS FROM `ka_activity` [ RunTime:0.106000s ]
[ sql ] [ SQL ] SELECT COUNT(id) AS tp_count FROM `ka_activity` WHERE  `type` = 2  AND `sid` = 37  AND `status` IN (0,1) LIMIT 1 [ RunTime:0.104000s ]
[ sql ] [ SQL ] SELECT `id`,`name` FROM `ka_activity` WHERE  `type` = 2  AND `sid` = 37  AND `status` IN (0,1) ORDER BY id desc LIMIT 0,20 [ RunTime:0.103000s ]
[ sql ] [ SQL ] SHOW COLUMNS FROM `ka_orders` [ RunTime:0.106000s ]
[ sql ] [ SQL ] SELECT `shipping_time` FROM `ka_orders` WHERE  `aid` = 29  AND `sid` = 37 [ RunTime:0.103000s ]

---------------------------------------------------------------
[ 2018-10-24T21:41:39+08:00 ] 127.0.0.1 127.0.0.1 GET /Admin/Orders/order_list.html?aid=29
[ log ] www.bank.com/Admin/Orders/order_list.html?aid=29 [运行时间：1.726000s][吞吐率：0.58req/s] [内存消耗：1,982.88kb] [文件加载：48]
[ error ] [8]未定义数组索引: export[D:\project\bank_change.system\php\application\admin\controller\Orders.php:129]
[ error ] [8]未定义数组索引: sales_name[D:\project\bank_change.system\php\runtime\temp\2b705c14a5a0560a75f23acb553e05b5.php:272]
[ error ] [8]Use of undefined constant id - assumed 'id'[D:\project\bank_change.system\php\runtime\temp\2b705c14a5a0560a75f23acb553e05b5.php:277]
[ error ] [8]未定义数组索引: sales_name[D:\project\bank_change.system\php\runtime\temp\2b705c14a5a0560a75f23acb553e05b5.php:272]
[ error ] [8]Use of undefined constant id - assumed 'id'[D:\project\bank_change.system\php\runtime\temp\2b705c14a5a0560a75f23acb553e05b5.php:277]
[ error ] [8]未定义数组索引: sales_name[D:\project\bank_change.system\php\runtime\temp\2b705c14a5a0560a75f23acb553e05b5.php:272]
[ error ] [8]Use of undefined constant id - assumed 'id'[D:\project\bank_change.system\php\runtime\temp\2b705c14a5a0560a75f23acb553e05b5.php:277]
[ error ] [8]未定义数组索引: sales_name[D:\project\bank_change.system\php\runtime\temp\2b705c14a5a0560a75f23acb553e05b5.php:272]
[ error ] [8]Use of undefined constant id - assumed 'id'[D:\project\bank_change.system\php\runtime\temp\2b705c14a5a0560a75f23acb553e05b5.php:277]
[ error ] [8]未定义数组索引: sales_name[D:\project\bank_change.system\php\runtime\temp\2b705c14a5a0560a75f23acb553e05b5.php:272]
[ error ] [8]Use of undefined constant id - assumed 'id'[D:\project\bank_change.system\php\runtime\temp\2b705c14a5a0560a75f23acb553e05b5.php:277]
[ error ] [8]未定义数组索引: sales_name[D:\project\bank_change.system\php\runtime\temp\2b705c14a5a0560a75f23acb553e05b5.php:272]
[ error ] [8]Use of undefined constant id - assumed 'id'[D:\project\bank_change.system\php\runtime\temp\2b705c14a5a0560a75f23acb553e05b5.php:277]
[ error ] [8]未定义数组索引: sales_name[D:\project\bank_change.system\php\runtime\temp\2b705c14a5a0560a75f23acb553e05b5.php:272]
[ error ] [8]Use of undefined constant id - assumed 'id'[D:\project\bank_change.system\php\runtime\temp\2b705c14a5a0560a75f23acb553e05b5.php:277]
[ error ] [8]Use of undefined constant shipping - assumed 'shipping'[D:\project\bank_change.system\php\runtime\temp\2b705c14a5a0560a75f23acb553e05b5.php:252]
[ error ] [8]Use of undefined constant id - assumed 'id'[D:\project\bank_change.system\php\runtime\temp\2b705c14a5a0560a75f23acb553e05b5.php:252]
[ error ] [8]未定义数组索引: sales_name[D:\project\bank_change.system\php\runtime\temp\2b705c14a5a0560a75f23acb553e05b5.php:272]
[ sql ] [ DB ] CONNECT:[ UseTime:0.158000s ] mysql:dbname=bank_change_system;host=114.215.90.145;port=3306;charset=utf8
[ sql ] [ SQL ] SHOW COLUMNS FROM `ka_activity` [ RunTime:0.107000s ]
[ sql ] [ SQL ] SELECT `name`,`type` FROM `ka_activity` WHERE  `id` = 29 LIMIT 1 [ RunTime:0.104000s ]
[ sql ] [ SQL ] SHOW COLUMNS FROM `ka_orders` [ RunTime:0.106000s ]
[ sql ] [ SQL ] SELECT COUNT(a.id) AS tp_count FROM `ka_orders` `a` WHERE  `a`.`aid` = '29'  AND `a`.`sid` = 37  AND `a`.`type` = 2 LIMIT 1 [ RunTime:0.105000s ]
[ sql ] [ SQL ] SELECT `a`.`id`,`a`.`order_sn`,`a`.`create_time`,`a`.`shipping_time`,`a`.`shipping_id`,`a`.`operator_id`,`a`.`type`,`b`.`goods_name` FROM `ka_orders` `a` INNER JOIN `ka_goods` `b` ON `a`.`goods_id`=`b`.`goods_id` WHERE  `a`.`aid` = '29'  AND `a`.`sid` = 37  AND `a`.`type` = 2 ORDER BY `a`.`id`  desc LIMIT 0,20 [ RunTime:0.109000s ]
[ sql ] [ SQL ] SHOW COLUMNS FROM `ka_shipping` [ RunTime:0.106000s ]
[ sql ] [ SQL ] SELECT * FROM `ka_shipping` WHERE  `id` = 8 LIMIT 1 [ RunTime:0.107000s ]
[ sql ] [ SQL ] SELECT * FROM `ka_shipping` WHERE  `id` = 7 LIMIT 1 [ RunTime:0.104000s ]
[ sql ] [ SQL ] SELECT * FROM `ka_shipping` WHERE  `id` = 6 LIMIT 1 [ RunTime:0.106000s ]
[ sql ] [ SQL ] SELECT * FROM `ka_shipping` WHERE  `id` = 5 LIMIT 1 [ RunTime:0.107000s ]
[ sql ] [ SQL ] SELECT * FROM `ka_shipping` WHERE  `id` = 4 LIMIT 1 [ RunTime:0.106000s ]
[ sql ] [ SQL ] SELECT * FROM `ka_shipping` WHERE  `id` = 3 LIMIT 1 [ RunTime:0.104000s ]
[ sql ] [ SQL ] SELECT * FROM `ka_shipping` WHERE  `id` = 2 LIMIT 1 [ RunTime:0.107000s ]
[ sql ] [ SQL ] SELECT * FROM `ka_shipping` WHERE  `id` = 1 LIMIT 1 [ RunTime:0.113000s ]

---------------------------------------------------------------
[ 2018-10-24T21:41:52+08:00 ] 127.0.0.1 127.0.0.1 GET /Admin/Orders/order_list.html?aid=29
[ log ] www.bank.com/Admin/Orders/order_list.html?aid=29 [运行时间：1.677000s][吞吐率：0.60req/s] [内存消耗：1,982.88kb] [文件加载：48]
[ error ] [8]未定义数组索引: export[D:\project\bank_change.system\php\application\admin\controller\Orders.php:129]
[ error ] [8]未定义数组索引: sales_name[D:\project\bank_change.system\php\runtime\temp\2b705c14a5a0560a75f23acb553e05b5.php:272]
[ error ] [8]Use of undefined constant id - assumed 'id'[D:\project\bank_change.system\php\runtime\temp\2b705c14a5a0560a75f23acb553e05b5.php:277]
[ error ] [8]未定义数组索引: sales_name[D:\project\bank_change.system\php\runtime\temp\2b705c14a5a0560a75f23acb553e05b5.php:272]
[ error ] [8]Use of undefined constant id - assumed 'id'[D:\project\bank_change.system\php\runtime\temp\2b705c14a5a0560a75f23acb553e05b5.php:277]
[ error ] [8]未定义数组索引: sales_name[D:\project\bank_change.system\php\runtime\temp\2b705c14a5a0560a75f23acb553e05b5.php:272]
[ error ] [8]Use of undefined constant id - assumed 'id'[D:\project\bank_change.system\php\runtime\temp\2b705c14a5a0560a75f23acb553e05b5.php:277]
[ error ] [8]未定义数组索引: sales_name[D:\project\bank_change.system\php\runtime\temp\2b705c14a5a0560a75f23acb553e05b5.php:272]
[ error ] [8]Use of undefined constant id - assumed 'id'[D:\project\bank_change.system\php\runtime\temp\2b705c14a5a0560a75f23acb553e05b5.php:277]
[ error ] [8]未定义数组索引: sales_name[D:\project\bank_change.system\php\runtime\temp\2b705c14a5a0560a75f23acb553e05b5.php:272]
[ error ] [8]Use of undefined constant id - assumed 'id'[D:\project\bank_change.system\php\runtime\temp\2b705c14a5a0560a75f23acb553e05b5.php:277]
[ error ] [8]未定义数组索引: sales_name[D:\project\bank_change.system\php\runtime\temp\2b705c14a5a0560a75f23acb553e05b5.php:272]
[ error ] [8]Use of undefined constant id - assumed 'id'[D:\project\bank_change.system\php\runtime\temp\2b705c14a5a0560a75f23acb553e05b5.php:277]
[ error ] [8]未定义数组索引: sales_name[D:\project\bank_change.system\php\runtime\temp\2b705c14a5a0560a75f23acb553e05b5.php:272]
[ error ] [8]Use of undefined constant id - assumed 'id'[D:\project\bank_change.system\php\runtime\temp\2b705c14a5a0560a75f23acb553e05b5.php:277]
[ error ] [8]Use of undefined constant shipping - assumed 'shipping'[D:\project\bank_change.system\php\runtime\temp\2b705c14a5a0560a75f23acb553e05b5.php:252]
[ error ] [8]Use of undefined constant id - assumed 'id'[D:\project\bank_change.system\php\runtime\temp\2b705c14a5a0560a75f23acb553e05b5.php:252]
[ error ] [8]未定义数组索引: sales_name[D:\project\bank_change.system\php\runtime\temp\2b705c14a5a0560a75f23acb553e05b5.php:272]
[ sql ] [ DB ] CONNECT:[ UseTime:0.158000s ] mysql:dbname=bank_change_system;host=114.215.90.145;port=3306;charset=utf8
[ sql ] [ SQL ] SHOW COLUMNS FROM `ka_activity` [ RunTime:0.104000s ]
[ sql ] [ SQL ] SELECT `name`,`type` FROM `ka_activity` WHERE  `id` = 29 LIMIT 1 [ RunTime:0.104000s ]
[ sql ] [ SQL ] SHOW COLUMNS FROM `ka_orders` [ RunTime:0.113000s ]
[ sql ] [ SQL ] SELECT COUNT(a.id) AS tp_count FROM `ka_orders` `a` WHERE  `a`.`aid` = '29'  AND `a`.`sid` = 37  AND `a`.`type` = 2 LIMIT 1 [ RunTime:0.104000s ]
[ sql ] [ SQL ] SELECT `a`.`id`,`a`.`order_sn`,`a`.`create_time`,`a`.`shipping_time`,`a`.`shipping_id`,`a`.`operator_id`,`a`.`type`,`b`.`goods_name` FROM `ka_orders` `a` INNER JOIN `ka_goods` `b` ON `a`.`goods_id`=`b`.`goods_id` WHERE  `a`.`aid` = '29'  AND `a`.`sid` = 37  AND `a`.`type` = 2 ORDER BY `a`.`id`  desc LIMIT 0,20 [ RunTime:0.103000s ]
[ sql ] [ SQL ] SHOW COLUMNS FROM `ka_shipping` [ RunTime:0.108000s ]
[ sql ] [ SQL ] SELECT * FROM `ka_shipping` WHERE  `id` = 8 LIMIT 1 [ RunTime:0.105000s ]
[ sql ] [ SQL ] SELECT * FROM `ka_shipping` WHERE  `id` = 7 LIMIT 1 [ RunTime:0.103000s ]
[ sql ] [ SQL ] SELECT * FROM `ka_shipping` WHERE  `id` = 6 LIMIT 1 [ RunTime:0.104000s ]
[ sql ] [ SQL ] SELECT * FROM `ka_shipping` WHERE  `id` = 5 LIMIT 1 [ RunTime:0.102000s ]
[ sql ] [ SQL ] SELECT * FROM `ka_shipping` WHERE  `id` = 4 LIMIT 1 [ RunTime:0.103000s ]
[ sql ] [ SQL ] SELECT * FROM `ka_shipping` WHERE  `id` = 3 LIMIT 1 [ RunTime:0.105000s ]
[ sql ] [ SQL ] SELECT * FROM `ka_shipping` WHERE  `id` = 2 LIMIT 1 [ RunTime:0.104000s ]
[ sql ] [ SQL ] SELECT * FROM `ka_shipping` WHERE  `id` = 1 LIMIT 1 [ RunTime:0.102000s ]

---------------------------------------------------------------
[ 2018-10-24T21:42:36+08:00 ] 127.0.0.1 127.0.0.1 GET /bank/sales/manager/Mzc=/is_leader/1/aid/29.html
[ log ] www.bank.com/bank/sales/manager/Mzc=/is_leader/1/aid/29.html [运行时间：9.001000s][吞吐率：0.11req/s] [内存消耗：2,023.80kb] [文件加载：47]
[ error ] [8]未定义数组索引: bank_name[D:\project\bank_change.system\php\application\bank\controller\Sales.php:340]
[ error ] [8]未定义数组索引: activity[D:\project\bank_change.system\php\application\bank\controller\Sales.php:341]
[ error ] [8]Array to string conversion[D:\project\bank_change.system\php\runtime\temp\060d7c21b4209a5a38595ddcd8167346.php:83]
[ error ] [8]Array to string conversion[D:\project\bank_change.system\php\runtime\temp\060d7c21b4209a5a38595ddcd8167346.php:83]
[ error ] [8]Array to string conversion[D:\project\bank_change.system\php\runtime\temp\060d7c21b4209a5a38595ddcd8167346.php:83]
[ error ] [8]Array to string conversion[D:\project\bank_change.system\php\runtime\temp\060d7c21b4209a5a38595ddcd8167346.php:83]
[ error ] [8]Array to string conversion[D:\project\bank_change.system\php\runtime\temp\060d7c21b4209a5a38595ddcd8167346.php:83]
[ sql ] [ DB ] CONNECT:[ UseTime:0.168000s ] mysql:dbname=bank_change_system;host=114.215.90.145;port=3306;charset=utf8
[ sql ] [ SQL ] SHOW COLUMNS FROM `ka_sales_man` [ RunTime:0.111000s ]
[ sql ] [ SQL ] SELECT * FROM `ka_sales_man` `b` INNER JOIN `ka_activity_auth` `a` ON `b`.`id`=`a`.`sales_id` WHERE  `b`.`branch_id` = 12  AND `a`.`aid` = '29' [ RunTime:0.116000s ]
[ sql ] [ SQL ] SHOW COLUMNS FROM `ka_activity` [ RunTime:0.109000s ]
[ sql ] [ SQL ] SELECT `is_level`,`name` FROM `ka_activity` WHERE  `id` = 29 LIMIT 1 [ RunTime:0.104000s ]
[ sql ] [ SQL ] SHOW COLUMNS FROM `ka_change_level` [ RunTime:0.110000s ]
[ sql ] [ SQL ] SELECT `id`,`name` FROM `ka_change_level` WHERE  `aid` = 29  AND `sid` = 37 [ RunTime:0.106000s ]
[ sql ] [ SQL ] SELECT * FROM `ka_sales_man` WHERE  `id` = 9  AND `sid` = 37 LIMIT 1 [ RunTime:0.104000s ]
[ sql ] [ SQL ] SHOW COLUMNS FROM `ka_orders` [ RunTime:0.113000s ]
[ sql ] [ SQL ] SELECT `o`.`id`,`g`.`goods_id`,`g`.`goods_name`,`g`.`original_img` FROM `ka_orders` `o` INNER JOIN `ka_goods` `g` ON `o`.`goods_id`=`g`.`goods_id` WHERE  `o`.`aid` = '29'  AND `o`.`type` = 2  AND `o`.`operator_id` = 9 GROUP BY g.goods_id [ RunTime:0.116000s ]
[ sql ] [ SQL ] SELECT * FROM `ka_orders` WHERE  `goods_id` = 21  AND `operator_id` = 9 [ RunTime:0.109000s ]
[ sql ] [ SQL ] SELECT SUM(goods_num) AS tp_sum FROM `ka_orders` WHERE  `goods_id` = 21  AND `operator_id` = 9  AND `aid` = 29  AND `type` = 2 LIMIT 1 [ RunTime:0.106000s ]
[ sql ] [ SQL ] SELECT * FROM `ka_orders` WHERE  `goods_id` = 25  AND `operator_id` = 9 [ RunTime:0.110000s ]
[ sql ] [ SQL ] SELECT SUM(goods_num) AS tp_sum FROM `ka_orders` WHERE  `goods_id` = 25  AND `operator_id` = 9  AND `aid` = 29  AND `type` = 2 LIMIT 1 [ RunTime:0.104000s ]
[ sql ] [ SQL ] SELECT * FROM `ka_orders` WHERE  `goods_id` = 32  AND `operator_id` = 9 [ RunTime:0.112000s ]
[ sql ] [ SQL ] SELECT SUM(goods_num) AS tp_sum FROM `ka_orders` WHERE  `goods_id` = 32  AND `operator_id` = 9  AND `aid` = 29  AND `type` = 2 LIMIT 1 [ RunTime:0.107000s ]
[ sql ] [ SQL ] SELECT * FROM `ka_sales_man` WHERE  `id` = 10  AND `sid` = 37 LIMIT 1 [ RunTime:0.112000s ]
[ sql ] [ SQL ] SELECT `o`.`id`,`g`.`goods_id`,`g`.`goods_name`,`g`.`original_img` FROM `ka_orders` `o` INNER JOIN `ka_goods` `g` ON `o`.`goods_id`=`g`.`goods_id` WHERE  `o`.`aid` = '29'  AND `o`.`type` = 2  AND `o`.`operator_id` = 9 GROUP BY g.goods_id [ RunTime:0.108000s ]
[ sql ] [ SQL ] SELECT * FROM `ka_orders` WHERE  `goods_id` = 21  AND `operator_id` = 10 [ RunTime:0.106000s ]
[ sql ] [ SQL ] SELECT SUM(goods_num) AS tp_sum FROM `ka_orders` WHERE  `goods_id` = 21  AND `operator_id` = 10  AND `aid` = 29  AND `type` = 2 LIMIT 1 [ RunTime:0.109000s ]
[ sql ] [ SQL ] SELECT * FROM `ka_orders` WHERE  `goods_id` = 25  AND `operator_id` = 10 [ RunTime:0.105000s ]
[ sql ] [ SQL ] SELECT SUM(goods_num) AS tp_sum FROM `ka_orders` WHERE  `goods_id` = 25  AND `operator_id` = 10  AND `aid` = 29  AND `type` = 2 LIMIT 1 [ RunTime:0.114000s ]
[ sql ] [ SQL ] SELECT * FROM `ka_orders` WHERE  `goods_id` = 32  AND `operator_id` = 10 [ RunTime:0.114000s ]
[ sql ] [ SQL ] SELECT SUM(goods_num) AS tp_sum FROM `ka_orders` WHERE  `goods_id` = 32  AND `operator_id` = 10  AND `aid` = 29  AND `type` = 2 LIMIT 1 [ RunTime:0.213000s ]
[ sql ] [ SQL ] SELECT `o`.`id`,`g`.`goods_id`,`g`.`goods_name`,`g`.`original_img` FROM `ka_orders` `o` INNER JOIN `ka_goods` `g` ON `o`.`goods_id`=`g`.`goods_id` WHERE  `o`.`aid` = '29'  AND `o`.`type` = 2  AND `o`.`operator_id` = 10 GROUP BY g.goods_id [ RunTime:0.107000s ]
[ sql ] [ SQL ] SELECT * FROM `ka_sales_man` WHERE  `id` = 11  AND `sid` = 37 LIMIT 1 [ RunTime:0.109000s ]
[ sql ] [ SQL ] SELECT `o`.`id`,`g`.`goods_id`,`g`.`goods_name`,`g`.`original_img` FROM `ka_orders` `o` INNER JOIN `ka_goods` `g` ON `o`.`goods_id`=`g`.`goods_id` WHERE  `o`.`aid` = '29'  AND `o`.`type` = 2  AND `o`.`operator_id` = 9 GROUP BY g.goods_id [ RunTime:0.108000s ]
[ sql ] [ SQL ] SELECT * FROM `ka_orders` WHERE  `goods_id` = 21  AND `operator_id` = 11 [ RunTime:0.112000s ]
[ sql ] [ SQL ] SELECT SUM(goods_num) AS tp_sum FROM `ka_orders` WHERE  `goods_id` = 21  AND `operator_id` = 11  AND `aid` = 29  AND `type` = 2 LIMIT 1 [ RunTime:0.116000s ]
[ sql ] [ SQL ] SELECT * FROM `ka_orders` WHERE  `goods_id` = 25  AND `operator_id` = 11 [ RunTime:0.109000s ]
[ sql ] [ SQL ] SELECT SUM(goods_num) AS tp_sum FROM `ka_orders` WHERE  `goods_id` = 25  AND `operator_id` = 11  AND `aid` = 29  AND `type` = 2 LIMIT 1 [ RunTime:0.108000s ]
[ sql ] [ SQL ] SELECT * FROM `ka_orders` WHERE  `goods_id` = 32  AND `operator_id` = 11 [ RunTime:0.107000s ]
[ sql ] [ SQL ] SELECT SUM(goods_num) AS tp_sum FROM `ka_orders` WHERE  `goods_id` = 32  AND `operator_id` = 11  AND `aid` = 29  AND `type` = 2 LIMIT 1 [ RunTime:0.105000s ]
[ sql ] [ SQL ] SELECT `o`.`id`,`g`.`goods_id`,`g`.`goods_name`,`g`.`original_img` FROM `ka_orders` `o` INNER JOIN `ka_goods` `g` ON `o`.`goods_id`=`g`.`goods_id` WHERE  `o`.`aid` = '29'  AND `o`.`type` = 2  AND `o`.`operator_id` = 10 GROUP BY g.goods_id [ RunTime:0.107000s ]
[ sql ] [ SQL ] SELECT `o`.`id`,`g`.`goods_id`,`g`.`goods_name`,`g`.`original_img` FROM `ka_orders` `o` INNER JOIN `ka_goods` `g` ON `o`.`goods_id`=`g`.`goods_id` WHERE  `o`.`aid` = '29'  AND `o`.`type` = 2  AND `o`.`operator_id` = 11 GROUP BY g.goods_id [ RunTime:0.117000s ]
[ sql ] [ SQL ] SELECT * FROM `ka_orders` WHERE  `goods_id` = 21  AND `operator_id` = 11 [ RunTime:0.117000s ]
[ sql ] [ SQL ] SELECT SUM(goods_num) AS tp_sum FROM `ka_orders` WHERE  `goods_id` = 21  AND `operator_id` = 11  AND `aid` = 29  AND `type` = 2 LIMIT 1 [ RunTime:0.105000s ]
[ sql ] [ SQL ] SELECT * FROM `ka_sales_man` WHERE  `id` = 12  AND `sid` = 37 LIMIT 1 [ RunTime:0.110000s ]
[ sql ] [ SQL ] SELECT `o`.`id`,`g`.`goods_id`,`g`.`goods_name`,`g`.`original_img` FROM `ka_orders` `o` INNER JOIN `ka_goods` `g` ON `o`.`goods_id`=`g`.`goods_id` WHERE  `o`.`aid` = '29'  AND `o`.`type` = 2  AND `o`.`operator_id` = 9 GROUP BY g.goods_id [ RunTime:0.124000s ]
[ sql ] [ SQL ] SELECT * FROM `ka_orders` WHERE  `goods_id` = 21  AND `operator_id` = 12 [ RunTime:0.151000s ]
[ sql ] [ SQL ] SELECT SUM(goods_num) AS tp_sum FROM `ka_orders` WHERE  `goods_id` = 21  AND `operator_id` = 12  AND `aid` = 29  AND `type` = 2 LIMIT 1 [ RunTime:0.125000s ]
[ sql ] [ SQL ] SELECT * FROM `ka_orders` WHERE  `goods_id` = 25  AND `operator_id` = 12 [ RunTime:0.114000s ]
[ sql ] [ SQL ] SELECT SUM(goods_num) AS tp_sum FROM `ka_orders` WHERE  `goods_id` = 25  AND `operator_id` = 12  AND `aid` = 29  AND `type` = 2 LIMIT 1 [ RunTime:0.109000s ]
[ sql ] [ SQL ] SELECT * FROM `ka_orders` WHERE  `goods_id` = 32  AND `operator_id` = 12 [ RunTime:0.106000s ]
[ sql ] [ SQL ] SELECT SUM(goods_num) AS tp_sum FROM `ka_orders` WHERE  `goods_id` = 32  AND `operator_id` = 12  AND `aid` = 29  AND `type` = 2 LIMIT 1 [ RunTime:0.105000s ]
[ sql ] [ SQL ] SELECT `o`.`id`,`g`.`goods_id`,`g`.`goods_name`,`g`.`original_img` FROM `ka_orders` `o` INNER JOIN `ka_goods` `g` ON `o`.`goods_id`=`g`.`goods_id` WHERE  `o`.`aid` = '29'  AND `o`.`type` = 2  AND `o`.`operator_id` = 10 GROUP BY g.goods_id [ RunTime:0.111000s ]
[ sql ] [ SQL ] SELECT `o`.`id`,`g`.`goods_id`,`g`.`goods_name`,`g`.`original_img` FROM `ka_orders` `o` INNER JOIN `ka_goods` `g` ON `o`.`goods_id`=`g`.`goods_id` WHERE  `o`.`aid` = '29'  AND `o`.`type` = 2  AND `o`.`operator_id` = 11 GROUP BY g.goods_id [ RunTime:0.116000s ]
[ sql ] [ SQL ] SELECT * FROM `ka_orders` WHERE  `goods_id` = 21  AND `operator_id` = 12 [ RunTime:0.113000s ]
[ sql ] [ SQL ] SELECT SUM(goods_num) AS tp_sum FROM `ka_orders` WHERE  `goods_id` = 21  AND `operator_id` = 12  AND `aid` = 29  AND `type` = 2 LIMIT 1 [ RunTime:0.104000s ]
[ sql ] [ SQL ] SELECT `o`.`id`,`g`.`goods_id`,`g`.`goods_name`,`g`.`original_img` FROM `ka_orders` `o` INNER JOIN `ka_goods` `g` ON `o`.`goods_id`=`g`.`goods_id` WHERE  `o`.`aid` = '29'  AND `o`.`type` = 2  AND `o`.`operator_id` = 12 GROUP BY g.goods_id [ RunTime:0.114000s ]
[ sql ] [ SQL ] SELECT * FROM `ka_sales_man` WHERE  `id` = 13  AND `sid` = 37 LIMIT 1 [ RunTime:0.113000s ]
[ sql ] [ SQL ] SELECT `o`.`id`,`g`.`goods_id`,`g`.`goods_name`,`g`.`original_img` FROM `ka_orders` `o` INNER JOIN `ka_goods` `g` ON `o`.`goods_id`=`g`.`goods_id` WHERE  `o`.`aid` = '29'  AND `o`.`type` = 2  AND `o`.`operator_id` = 9 GROUP BY g.goods_id [ RunTime:0.106000s ]
[ sql ] [ SQL ] SELECT * FROM `ka_orders` WHERE  `goods_id` = 21  AND `operator_id` = 13 [ RunTime:0.114000s ]
[ sql ] [ SQL ] SELECT SUM(goods_num) AS tp_sum FROM `ka_orders` WHERE  `goods_id` = 21  AND `operator_id` = 13  AND `aid` = 29  AND `type` = 2 LIMIT 1 [ RunTime:0.106000s ]
[ sql ] [ SQL ] SELECT * FROM `ka_orders` WHERE  `goods_id` = 25  AND `operator_id` = 13 [ RunTime:0.107000s ]
[ sql ] [ SQL ] SELECT SUM(goods_num) AS tp_sum FROM `ka_orders` WHERE  `goods_id` = 25  AND `operator_id` = 13  AND `aid` = 29  AND `type` = 2 LIMIT 1 [ RunTime:0.114000s ]
[ sql ] [ SQL ] SELECT * FROM `ka_orders` WHERE  `goods_id` = 32  AND `operator_id` = 13 [ RunTime:0.106000s ]
[ sql ] [ SQL ] SELECT SUM(goods_num) AS tp_sum FROM `ka_orders` WHERE  `goods_id` = 32  AND `operator_id` = 13  AND `aid` = 29  AND `type` = 2 LIMIT 1 [ RunTime:0.108000s ]
[ sql ] [ SQL ] SELECT `o`.`id`,`g`.`goods_id`,`g`.`goods_name`,`g`.`original_img` FROM `ka_orders` `o` INNER JOIN `ka_goods` `g` ON `o`.`goods_id`=`g`.`goods_id` WHERE  `o`.`aid` = '29'  AND `o`.`type` = 2  AND `o`.`operator_id` = 10 GROUP BY g.goods_id [ RunTime:0.107000s ]
[ sql ] [ SQL ] SELECT `o`.`id`,`g`.`goods_id`,`g`.`goods_name`,`g`.`original_img` FROM `ka_orders` `o` INNER JOIN `ka_goods` `g` ON `o`.`goods_id`=`g`.`goods_id` WHERE  `o`.`aid` = '29'  AND `o`.`type` = 2  AND `o`.`operator_id` = 11 GROUP BY g.goods_id [ RunTime:0.109000s ]
[ sql ] [ SQL ] SELECT * FROM `ka_orders` WHERE  `goods_id` = 21  AND `operator_id` = 13 [ RunTime:0.104000s ]
[ sql ] [ SQL ] SELECT SUM(goods_num) AS tp_sum FROM `ka_orders` WHERE  `goods_id` = 21  AND `operator_id` = 13  AND `aid` = 29  AND `type` = 2 LIMIT 1 [ RunTime:0.111000s ]
[ sql ] [ SQL ] SELECT `o`.`id`,`g`.`goods_id`,`g`.`goods_name`,`g`.`original_img` FROM `ka_orders` `o` INNER JOIN `ka_goods` `g` ON `o`.`goods_id`=`g`.`goods_id` WHERE  `o`.`aid` = '29'  AND `o`.`type` = 2  AND `o`.`operator_id` = 12 GROUP BY g.goods_id [ RunTime:0.113000s ]
[ sql ] [ SQL ] SELECT `o`.`id`,`g`.`goods_id`,`g`.`goods_name`,`g`.`original_img` FROM `ka_orders` `o` INNER JOIN `ka_goods` `g` ON `o`.`goods_id`=`g`.`goods_id` WHERE  `o`.`aid` = '29'  AND `o`.`type` = 2  AND `o`.`operator_id` = 13 GROUP BY g.goods_id [ RunTime:0.104000s ]
[ sql ] [ SQL ] SELECT * FROM `ka_orders` WHERE  `goods_id` = 21  AND `operator_id` = 13 [ RunTime:0.115000s ]
[ sql ] [ SQL ] SELECT SUM(goods_num) AS tp_sum FROM `ka_orders` WHERE  `goods_id` = 21  AND `operator_id` = 13  AND `aid` = 29  AND `type` = 2 LIMIT 1 [ RunTime:0.109000s ]
[ sql ] [ SQL ] SELECT * FROM `ka_sales_man` `s` INNER JOIN `ka_activity_auth` `a` ON `s`.`id`=`a`.`sales_id` INNER JOIN `ka_banks` `b` ON `b`.`id`=`s`.`branch_id` WHERE  `s`.`branch_id` = 12  AND `a`.`aid` = '29'  AND `s`.`id` = 12 LIMIT 1 [ RunTime:0.106000s ]
[ sql ] [ SQL ] SELECT COUNT(*) AS tp_count FROM `ka_sales_man` `s` INNER JOIN `ka_orders` `o` ON `o`.`operator_id`=`s`.`id` WHERE  `s`.`branch_id` = 12  AND `s`.`sid` = '37'  AND `o`.`aid` = '29' LIMIT 1 [ RunTime:0.111000s ]
[ sql ] [ SQL ] SHOW COLUMNS FROM `ka_goods` [ RunTime:0.113000s ]
[ sql ] [ SQL ] SELECT `o`.`id`,`g`.`goods_id`,`g`.`goods_name`,`g`.`original_img` FROM `ka_goods` `g` INNER JOIN `ka_orders` `o` ON `o`.`goods_id`=`g`.`goods_id` WHERE  `o`.`aid` = '29'  AND `o`.`type` = 2 GROUP BY goods_id [ RunTime:0.105000s ]
[ sql ] [ SQL ] SELECT COUNT(*) AS tp_count FROM `ka_sales_man` `s` INNER JOIN `ka_orders` `o` ON `o`.`operator_id`=`s`.`id` WHERE  `s`.`branch_id` = 12  AND `s`.`sid` = '37'  AND `o`.`aid` = '29'  AND `o`.`goods_id` = 21  AND `o`.`type` = 2 LIMIT 1 [ RunTime:0.114000s ]
[ sql ] [ SQL ] SELECT SUM(goods_num) AS tp_sum FROM `ka_sales_man` `s` INNER JOIN `ka_orders` `o` ON `o`.`operator_id`=`s`.`id` WHERE  `s`.`branch_id` = 12  AND `s`.`sid` = '37'  AND `o`.`aid` = '29'  AND `o`.`goods_id` = 21  AND `o`.`type` = 2 LIMIT 1 [ RunTime:0.114000s ]
[ sql ] [ SQL ] SELECT COUNT(*) AS tp_count FROM `ka_sales_man` `s` INNER JOIN `ka_orders` `o` ON `o`.`operator_id`=`s`.`id` WHERE  `s`.`branch_id` = 12  AND `s`.`sid` = '37'  AND `o`.`aid` = '29'  AND `o`.`goods_id` = 25  AND `o`.`type` = 2 LIMIT 1 [ RunTime:0.108000s ]
[ sql ] [ SQL ] SELECT SUM(goods_num) AS tp_sum FROM `ka_sales_man` `s` INNER JOIN `ka_orders` `o` ON `o`.`operator_id`=`s`.`id` WHERE  `s`.`branch_id` = 12  AND `s`.`sid` = '37'  AND `o`.`aid` = '29'  AND `o`.`goods_id` = 25  AND `o`.`type` = 2 LIMIT 1 [ RunTime:0.107000s ]
[ sql ] [ SQL ] SELECT COUNT(*) AS tp_count FROM `ka_sales_man` `s` INNER JOIN `ka_orders` `o` ON `o`.`operator_id`=`s`.`id` WHERE  `s`.`branch_id` = 12  AND `s`.`sid` = '37'  AND `o`.`aid` = '29'  AND `o`.`goods_id` = 32  AND `o`.`type` = 2 LIMIT 1 [ RunTime:0.111000s ]
[ sql ] [ SQL ] SELECT SUM(goods_num) AS tp_sum FROM `ka_sales_man` `s` INNER JOIN `ka_orders` `o` ON `o`.`operator_id`=`s`.`id` WHERE  `s`.`branch_id` = 12  AND `s`.`sid` = '37'  AND `o`.`aid` = '29'  AND `o`.`goods_id` = 32  AND `o`.`type` = 2 LIMIT 1 [ RunTime:0.104000s ]
[ sql ] [ SQL ] SELECT * FROM `ka_sales_man` WHERE  `id` = 12  AND `sid` = 37 LIMIT 1 [ RunTime:0.106000s ]
[ sql ] [ SQL ] SHOW COLUMNS FROM `ka_banks` [ RunTime:0.112000s ]
[ sql ] [ SQL ] SELECT `id`,`name` FROM `ka_banks` WHERE  `id` = 12 LIMIT 1 [ RunTime:0.108000s ]

---------------------------------------------------------------
[ 2018-10-24T21:43:24+08:00 ] 127.0.0.1 127.0.0.1 GET /Admin/Orders/sales_exchange
[ log ] www.bank.com/Admin/Orders/sales_exchange [运行时间：0.705000s][吞吐率：1.42req/s] [内存消耗：1,934.44kb] [文件加载：48]
[ error ] [8]Use of undefined constant id - assumed 'id'[D:\project\bank_change.system\php\runtime\temp\0c4c6376552755e12161fb88ee047a1e.php:241]
[ sql ] [ DB ] CONNECT:[ UseTime:0.138000s ] mysql:dbname=bank_change_system;host=114.215.90.145;port=3306;charset=utf8
[ sql ] [ SQL ] SHOW COLUMNS FROM `ka_activity` [ RunTime:0.095000s ]
[ sql ] [ SQL ] SELECT COUNT(id) AS tp_count FROM `ka_activity` WHERE  `type` = 2  AND `sid` = 37  AND `status` IN (0,1) LIMIT 1 [ RunTime:0.094000s ]
[ sql ] [ SQL ] SELECT `id`,`name` FROM `ka_activity` WHERE  `type` = 2  AND `sid` = 37  AND `status` IN (0,1) ORDER BY id desc LIMIT 0,20 [ RunTime:0.111000s ]
[ sql ] [ SQL ] SHOW COLUMNS FROM `ka_orders` [ RunTime:0.100000s ]
[ sql ] [ SQL ] SELECT `shipping_time` FROM `ka_orders` WHERE  `aid` = 29  AND `sid` = 37 [ RunTime:0.092000s ]

---------------------------------------------------------------
[ 2018-10-24T21:43:25+08:00 ] 127.0.0.1 127.0.0.1 GET /Admin/Orders/code_exchange
[ log ] www.bank.com/Admin/Orders/code_exchange [运行时间：0.441000s][吞吐率：2.27req/s] [内存消耗：1,865.56kb] [文件加载：44]
[ sql ] [ DB ] CONNECT:[ UseTime:0.166000s ] mysql:dbname=bank_change_system;host=114.215.90.145;port=3306;charset=utf8
[ sql ] [ SQL ] SHOW COLUMNS FROM `ka_activity` [ RunTime:0.109000s ]
[ sql ] [ SQL ] SELECT COUNT(id) AS tp_count FROM `ka_activity` WHERE  `type` = 1  AND `sid` = 37  AND `status` IN (0,1) LIMIT 1 [ RunTime:0.105000s ]

---------------------------------------------------------------
[ 2018-10-24T21:43:27+08:00 ] 127.0.0.1 127.0.0.1 GET /Admin/Orders/sales_exchange
[ log ] www.bank.com/Admin/Orders/sales_exchange [运行时间：0.771000s][吞吐率：1.30req/s] [内存消耗：1,934.44kb] [文件加载：48]
[ error ] [8]Use of undefined constant id - assumed 'id'[D:\project\bank_change.system\php\runtime\temp\0c4c6376552755e12161fb88ee047a1e.php:241]
[ sql ] [ DB ] CONNECT:[ UseTime:0.163000s ] mysql:dbname=bank_change_system;host=114.215.90.145;port=3306;charset=utf8
[ sql ] [ SQL ] SHOW COLUMNS FROM `ka_activity` [ RunTime:0.113000s ]
[ sql ] [ SQL ] SELECT COUNT(id) AS tp_count FROM `ka_activity` WHERE  `type` = 2  AND `sid` = 37  AND `status` IN (0,1) LIMIT 1 [ RunTime:0.109000s ]
[ sql ] [ SQL ] SELECT `id`,`name` FROM `ka_activity` WHERE  `type` = 2  AND `sid` = 37  AND `status` IN (0,1) ORDER BY id desc LIMIT 0,20 [ RunTime:0.111000s ]
[ sql ] [ SQL ] SHOW COLUMNS FROM `ka_orders` [ RunTime:0.111000s ]
[ sql ] [ SQL ] SELECT `shipping_time` FROM `ka_orders` WHERE  `aid` = 29  AND `sid` = 37 [ RunTime:0.107000s ]

---------------------------------------------------------------
[ 2018-10-24T21:44:35+08:00 ] 127.0.0.1 127.0.0.1 GET /bank/sales/manager/Mzc=/is_leader/1/aid/29.html
[ log ] www.bank.com/bank/sales/manager/Mzc=/is_leader/1/aid/29.html [运行时间：8.494000s][吞吐率：0.12req/s] [内存消耗：2,023.80kb] [文件加载：47]
[ error ] [8]未定义数组索引: bank_name[D:\project\bank_change.system\php\application\bank\controller\Sales.php:340]
[ error ] [8]未定义数组索引: activity[D:\project\bank_change.system\php\application\bank\controller\Sales.php:341]
[ error ] [8]Array to string conversion[D:\project\bank_change.system\php\runtime\temp\060d7c21b4209a5a38595ddcd8167346.php:83]
[ error ] [8]Array to string conversion[D:\project\bank_change.system\php\runtime\temp\060d7c21b4209a5a38595ddcd8167346.php:83]
[ error ] [8]Array to string conversion[D:\project\bank_change.system\php\runtime\temp\060d7c21b4209a5a38595ddcd8167346.php:83]
[ error ] [8]Array to string conversion[D:\project\bank_change.system\php\runtime\temp\060d7c21b4209a5a38595ddcd8167346.php:83]
[ error ] [8]Array to string conversion[D:\project\bank_change.system\php\runtime\temp\060d7c21b4209a5a38595ddcd8167346.php:83]
[ sql ] [ DB ] CONNECT:[ UseTime:0.152000s ] mysql:dbname=bank_change_system;host=114.215.90.145;port=3306;charset=utf8
[ sql ] [ SQL ] SHOW COLUMNS FROM `ka_sales_man` [ RunTime:0.103000s ]
[ sql ] [ SQL ] SELECT * FROM `ka_sales_man` `b` INNER JOIN `ka_activity_auth` `a` ON `b`.`id`=`a`.`sales_id` WHERE  `b`.`branch_id` = 12  AND `a`.`aid` = '29' [ RunTime:0.107000s ]
[ sql ] [ SQL ] SHOW COLUMNS FROM `ka_activity` [ RunTime:0.106000s ]
[ sql ] [ SQL ] SELECT `is_level`,`name` FROM `ka_activity` WHERE  `id` = 29 LIMIT 1 [ RunTime:0.099000s ]
[ sql ] [ SQL ] SHOW COLUMNS FROM `ka_change_level` [ RunTime:0.101000s ]
[ sql ] [ SQL ] SELECT `id`,`name` FROM `ka_change_level` WHERE  `aid` = 29  AND `sid` = 37 [ RunTime:0.104000s ]
[ sql ] [ SQL ] SELECT * FROM `ka_sales_man` WHERE  `id` = 9  AND `sid` = 37 LIMIT 1 [ RunTime:0.106000s ]
[ sql ] [ SQL ] SHOW COLUMNS FROM `ka_orders` [ RunTime:0.102000s ]
[ sql ] [ SQL ] SELECT `o`.`id`,`g`.`goods_id`,`g`.`goods_name`,`g`.`original_img` FROM `ka_orders` `o` INNER JOIN `ka_goods` `g` ON `o`.`goods_id`=`g`.`goods_id` WHERE  `o`.`aid` = '29'  AND `o`.`type` = 2  AND `o`.`operator_id` = 9 GROUP BY g.goods_id [ RunTime:0.106000s ]
[ sql ] [ SQL ] SELECT * FROM `ka_orders` WHERE  `goods_id` = 21  AND `operator_id` = 9 [ RunTime:0.106000s ]
[ sql ] [ SQL ] SELECT SUM(goods_num) AS tp_sum FROM `ka_orders` WHERE  `goods_id` = 21  AND `operator_id` = 9  AND `aid` = 29  AND `type` = 2 LIMIT 1 [ RunTime:0.110000s ]
[ sql ] [ SQL ] SELECT * FROM `ka_orders` WHERE  `goods_id` = 25  AND `operator_id` = 9 [ RunTime:0.102000s ]
[ sql ] [ SQL ] SELECT SUM(goods_num) AS tp_sum FROM `ka_orders` WHERE  `goods_id` = 25  AND `operator_id` = 9  AND `aid` = 29  AND `type` = 2 LIMIT 1 [ RunTime:0.100000s ]
[ sql ] [ SQL ] SELECT * FROM `ka_orders` WHERE  `goods_id` = 32  AND `operator_id` = 9 [ RunTime:0.114000s ]
[ sql ] [ SQL ] SELECT SUM(goods_num) AS tp_sum FROM `ka_orders` WHERE  `goods_id` = 32  AND `operator_id` = 9  AND `aid` = 29  AND `type` = 2 LIMIT 1 [ RunTime:0.100000s ]
[ sql ] [ SQL ] SELECT * FROM `ka_sales_man` WHERE  `id` = 10  AND `sid` = 37 LIMIT 1 [ RunTime:0.101000s ]
[ sql ] [ SQL ] SELECT `o`.`id`,`g`.`goods_id`,`g`.`goods_name`,`g`.`original_img` FROM `ka_orders` `o` INNER JOIN `ka_goods` `g` ON `o`.`goods_id`=`g`.`goods_id` WHERE  `o`.`aid` = '29'  AND `o`.`type` = 2  AND `o`.`operator_id` = 9 GROUP BY g.goods_id [ RunTime:0.100000s ]
[ sql ] [ SQL ] SELECT * FROM `ka_orders` WHERE  `goods_id` = 21  AND `operator_id` = 10 [ RunTime:0.101000s ]
[ sql ] [ SQL ] SELECT SUM(goods_num) AS tp_sum FROM `ka_orders` WHERE  `goods_id` = 21  AND `operator_id` = 10  AND `aid` = 29  AND `type` = 2 LIMIT 1 [ RunTime:0.110000s ]
[ sql ] [ SQL ] SELECT * FROM `ka_orders` WHERE  `goods_id` = 25  AND `operator_id` = 10 [ RunTime:0.101000s ]
[ sql ] [ SQL ] SELECT SUM(goods_num) AS tp_sum FROM `ka_orders` WHERE  `goods_id` = 25  AND `operator_id` = 10  AND `aid` = 29  AND `type` = 2 LIMIT 1 [ RunTime:0.100000s ]
[ sql ] [ SQL ] SELECT * FROM `ka_orders` WHERE  `goods_id` = 32  AND `operator_id` = 10 [ RunTime:0.100000s ]
[ sql ] [ SQL ] SELECT SUM(goods_num) AS tp_sum FROM `ka_orders` WHERE  `goods_id` = 32  AND `operator_id` = 10  AND `aid` = 29  AND `type` = 2 LIMIT 1 [ RunTime:0.099000s ]
[ sql ] [ SQL ] SELECT `o`.`id`,`g`.`goods_id`,`g`.`goods_name`,`g`.`original_img` FROM `ka_orders` `o` INNER JOIN `ka_goods` `g` ON `o`.`goods_id`=`g`.`goods_id` WHERE  `o`.`aid` = '29'  AND `o`.`type` = 2  AND `o`.`operator_id` = 10 GROUP BY g.goods_id [ RunTime:0.123000s ]
[ sql ] [ SQL ] SELECT * FROM `ka_sales_man` WHERE  `id` = 11  AND `sid` = 37 LIMIT 1 [ RunTime:0.102000s ]
[ sql ] [ SQL ] SELECT `o`.`id`,`g`.`goods_id`,`g`.`goods_name`,`g`.`original_img` FROM `ka_orders` `o` INNER JOIN `ka_goods` `g` ON `o`.`goods_id`=`g`.`goods_id` WHERE  `o`.`aid` = '29'  AND `o`.`type` = 2  AND `o`.`operator_id` = 9 GROUP BY g.goods_id [ RunTime:0.105000s ]
[ sql ] [ SQL ] SELECT * FROM `ka_orders` WHERE  `goods_id` = 21  AND `operator_id` = 11 [ RunTime:0.103000s ]
[ sql ] [ SQL ] SELECT SUM(goods_num) AS tp_sum FROM `ka_orders` WHERE  `goods_id` = 21  AND `operator_id` = 11  AND `aid` = 29  AND `type` = 2 LIMIT 1 [ RunTime:0.101000s ]
[ sql ] [ SQL ] SELECT * FROM `ka_orders` WHERE  `goods_id` = 25  AND `operator_id` = 11 [ RunTime:0.124000s ]
[ sql ] [ SQL ] SELECT SUM(goods_num) AS tp_sum FROM `ka_orders` WHERE  `goods_id` = 25  AND `operator_id` = 11  AND `aid` = 29  AND `type` = 2 LIMIT 1 [ RunTime:0.109000s ]
[ sql ] [ SQL ] SELECT * FROM `ka_orders` WHERE  `goods_id` = 32  AND `operator_id` = 11 [ RunTime:0.120000s ]
[ sql ] [ SQL ] SELECT SUM(goods_num) AS tp_sum FROM `ka_orders` WHERE  `goods_id` = 32  AND `operator_id` = 11  AND `aid` = 29  AND `type` = 2 LIMIT 1 [ RunTime:0.104000s ]
[ sql ] [ SQL ] SELECT `o`.`id`,`g`.`goods_id`,`g`.`goods_name`,`g`.`original_img` FROM `ka_orders` `o` INNER JOIN `ka_goods` `g` ON `o`.`goods_id`=`g`.`goods_id` WHERE  `o`.`aid` = '29'  AND `o`.`type` = 2  AND `o`.`operator_id` = 10 GROUP BY g.goods_id [ RunTime:0.100000s ]
[ sql ] [ SQL ] SELECT `o`.`id`,`g`.`goods_id`,`g`.`goods_name`,`g`.`original_img` FROM `ka_orders` `o` INNER JOIN `ka_goods` `g` ON `o`.`goods_id`=`g`.`goods_id` WHERE  `o`.`aid` = '29'  AND `o`.`type` = 2  AND `o`.`operator_id` = 11 GROUP BY g.goods_id [ RunTime:0.100000s ]
[ sql ] [ SQL ] SELECT * FROM `ka_orders` WHERE  `goods_id` = 21  AND `operator_id` = 11 [ RunTime:0.099000s ]
[ sql ] [ SQL ] SELECT SUM(goods_num) AS tp_sum FROM `ka_orders` WHERE  `goods_id` = 21  AND `operator_id` = 11  AND `aid` = 29  AND `type` = 2 LIMIT 1 [ RunTime:0.101000s ]
[ sql ] [ SQL ] SELECT * FROM `ka_sales_man` WHERE  `id` = 12  AND `sid` = 37 LIMIT 1 [ RunTime:0.103000s ]
[ sql ] [ SQL ] SELECT `o`.`id`,`g`.`goods_id`,`g`.`goods_name`,`g`.`original_img` FROM `ka_orders` `o` INNER JOIN `ka_goods` `g` ON `o`.`goods_id`=`g`.`goods_id` WHERE  `o`.`aid` = '29'  AND `o`.`type` = 2  AND `o`.`operator_id` = 9 GROUP BY g.goods_id [ RunTime:0.102000s ]
[ sql ] [ SQL ] SELECT * FROM `ka_orders` WHERE  `goods_id` = 21  AND `operator_id` = 12 [ RunTime:0.107000s ]
[ sql ] [ SQL ] SELECT SUM(goods_num) AS tp_sum FROM `ka_orders` WHERE  `goods_id` = 21  AND `operator_id` = 12  AND `aid` = 29  AND `type` = 2 LIMIT 1 [ RunTime:0.100000s ]
[ sql ] [ SQL ] SELECT * FROM `ka_orders` WHERE  `goods_id` = 25  AND `operator_id` = 12 [ RunTime:0.101000s ]
[ sql ] [ SQL ] SELECT SUM(goods_num) AS tp_sum FROM `ka_orders` WHERE  `goods_id` = 25  AND `operator_id` = 12  AND `aid` = 29  AND `type` = 2 LIMIT 1 [ RunTime:0.100000s ]
[ sql ] [ SQL ] SELECT * FROM `ka_orders` WHERE  `goods_id` = 32  AND `operator_id` = 12 [ RunTime:0.159000s ]
[ sql ] [ SQL ] SELECT SUM(goods_num) AS tp_sum FROM `ka_orders` WHERE  `goods_id` = 32  AND `operator_id` = 12  AND `aid` = 29  AND `type` = 2 LIMIT 1 [ RunTime:0.107000s ]
[ sql ] [ SQL ] SELECT `o`.`id`,`g`.`goods_id`,`g`.`goods_name`,`g`.`original_img` FROM `ka_orders` `o` INNER JOIN `ka_goods` `g` ON `o`.`goods_id`=`g`.`goods_id` WHERE  `o`.`aid` = '29'  AND `o`.`type` = 2  AND `o`.`operator_id` = 10 GROUP BY g.goods_id [ RunTime:0.110000s ]
[ sql ] [ SQL ] SELECT `o`.`id`,`g`.`goods_id`,`g`.`goods_name`,`g`.`original_img` FROM `ka_orders` `o` INNER JOIN `ka_goods` `g` ON `o`.`goods_id`=`g`.`goods_id` WHERE  `o`.`aid` = '29'  AND `o`.`type` = 2  AND `o`.`operator_id` = 11 GROUP BY g.goods_id [ RunTime:0.100000s ]
[ sql ] [ SQL ] SELECT * FROM `ka_orders` WHERE  `goods_id` = 21  AND `operator_id` = 12 [ RunTime:0.102000s ]
[ sql ] [ SQL ] SELECT SUM(goods_num) AS tp_sum FROM `ka_orders` WHERE  `goods_id` = 21  AND `operator_id` = 12  AND `aid` = 29  AND `type` = 2 LIMIT 1 [ RunTime:0.100000s ]
[ sql ] [ SQL ] SELECT `o`.`id`,`g`.`goods_id`,`g`.`goods_name`,`g`.`original_img` FROM `ka_orders` `o` INNER JOIN `ka_goods` `g` ON `o`.`goods_id`=`g`.`goods_id` WHERE  `o`.`aid` = '29'  AND `o`.`type` = 2  AND `o`.`operator_id` = 12 GROUP BY g.goods_id [ RunTime:0.132000s ]
[ sql ] [ SQL ] SELECT * FROM `ka_sales_man` WHERE  `id` = 13  AND `sid` = 37 LIMIT 1 [ RunTime:0.104000s ]
[ sql ] [ SQL ] SELECT `o`.`id`,`g`.`goods_id`,`g`.`goods_name`,`g`.`original_img` FROM `ka_orders` `o` INNER JOIN `ka_goods` `g` ON `o`.`goods_id`=`g`.`goods_id` WHERE  `o`.`aid` = '29'  AND `o`.`type` = 2  AND `o`.`operator_id` = 9 GROUP BY g.goods_id [ RunTime:0.102000s ]
[ sql ] [ SQL ] SELECT * FROM `ka_orders` WHERE  `goods_id` = 21  AND `operator_id` = 13 [ RunTime:0.108000s ]
[ sql ] [ SQL ] SELECT SUM(goods_num) AS tp_sum FROM `ka_orders` WHERE  `goods_id` = 21  AND `operator_id` = 13  AND `aid` = 29  AND `type` = 2 LIMIT 1 [ RunTime:0.100000s ]
[ sql ] [ SQL ] SELECT * FROM `ka_orders` WHERE  `goods_id` = 25  AND `operator_id` = 13 [ RunTime:0.104000s ]
[ sql ] [ SQL ] SELECT SUM(goods_num) AS tp_sum FROM `ka_orders` WHERE  `goods_id` = 25  AND `operator_id` = 13  AND `aid` = 29  AND `type` = 2 LIMIT 1 [ RunTime:0.110000s ]
[ sql ] [ SQL ] SELECT * FROM `ka_orders` WHERE  `goods_id` = 32  AND `operator_id` = 13 [ RunTime:0.103000s ]
[ sql ] [ SQL ] SELECT SUM(goods_num) AS tp_sum FROM `ka_orders` WHERE  `goods_id` = 32  AND `operator_id` = 13  AND `aid` = 29  AND `type` = 2 LIMIT 1 [ RunTime:0.103000s ]
[ sql ] [ SQL ] SELECT `o`.`id`,`g`.`goods_id`,`g`.`goods_name`,`g`.`original_img` FROM `ka_orders` `o` INNER JOIN `ka_goods` `g` ON `o`.`goods_id`=`g`.`goods_id` WHERE  `o`.`aid` = '29'  AND `o`.`type` = 2  AND `o`.`operator_id` = 10 GROUP BY g.goods_id [ RunTime:0.107000s ]
[ sql ] [ SQL ] SELECT `o`.`id`,`g`.`goods_id`,`g`.`goods_name`,`g`.`original_img` FROM `ka_orders` `o` INNER JOIN `ka_goods` `g` ON `o`.`goods_id`=`g`.`goods_id` WHERE  `o`.`aid` = '29'  AND `o`.`type` = 2  AND `o`.`operator_id` = 11 GROUP BY g.goods_id [ RunTime:0.110000s ]
[ sql ] [ SQL ] SELECT * FROM `ka_orders` WHERE  `goods_id` = 21  AND `operator_id` = 13 [ RunTime:0.101000s ]
[ sql ] [ SQL ] SELECT SUM(goods_num) AS tp_sum FROM `ka_orders` WHERE  `goods_id` = 21  AND `operator_id` = 13  AND `aid` = 29  AND `type` = 2 LIMIT 1 [ RunTime:0.103000s ]
[ sql ] [ SQL ] SELECT `o`.`id`,`g`.`goods_id`,`g`.`goods_name`,`g`.`original_img` FROM `ka_orders` `o` INNER JOIN `ka_goods` `g` ON `o`.`goods_id`=`g`.`goods_id` WHERE  `o`.`aid` = '29'  AND `o`.`type` = 2  AND `o`.`operator_id` = 12 GROUP BY g.goods_id [ RunTime:0.101000s ]
[ sql ] [ SQL ] SELECT `o`.`id`,`g`.`goods_id`,`g`.`goods_name`,`g`.`original_img` FROM `ka_orders` `o` INNER JOIN `ka_goods` `g` ON `o`.`goods_id`=`g`.`goods_id` WHERE  `o`.`aid` = '29'  AND `o`.`type` = 2  AND `o`.`operator_id` = 13 GROUP BY g.goods_id [ RunTime:0.104000s ]
[ sql ] [ SQL ] SELECT * FROM `ka_orders` WHERE  `goods_id` = 21  AND `operator_id` = 13 [ RunTime:0.107000s ]
[ sql ] [ SQL ] SELECT SUM(goods_num) AS tp_sum FROM `ka_orders` WHERE  `goods_id` = 21  AND `operator_id` = 13  AND `aid` = 29  AND `type` = 2 LIMIT 1 [ RunTime:0.100000s ]
[ sql ] [ SQL ] SELECT * FROM `ka_sales_man` `s` INNER JOIN `ka_activity_auth` `a` ON `s`.`id`=`a`.`sales_id` INNER JOIN `ka_banks` `b` ON `b`.`id`=`s`.`branch_id` WHERE  `s`.`branch_id` = 12  AND `a`.`aid` = '29'  AND `s`.`id` = 12 LIMIT 1 [ RunTime:0.103000s ]
[ sql ] [ SQL ] SELECT COUNT(*) AS tp_count FROM `ka_sales_man` `s` INNER JOIN `ka_orders` `o` ON `o`.`operator_id`=`s`.`id` WHERE  `s`.`branch_id` = 12  AND `s`.`sid` = '37'  AND `o`.`aid` = '29' LIMIT 1 [ RunTime:0.100000s ]
[ sql ] [ SQL ] SHOW COLUMNS FROM `ka_goods` [ RunTime:0.108000s ]
[ sql ] [ SQL ] SELECT `o`.`id`,`g`.`goods_id`,`g`.`goods_name`,`g`.`original_img` FROM `ka_goods` `g` INNER JOIN `ka_orders` `o` ON `o`.`goods_id`=`g`.`goods_id` WHERE  `o`.`aid` = '29'  AND `o`.`type` = 2 GROUP BY goods_id [ RunTime:0.104000s ]
[ sql ] [ SQL ] SELECT COUNT(*) AS tp_count FROM `ka_sales_man` `s` INNER JOIN `ka_orders` `o` ON `o`.`operator_id`=`s`.`id` WHERE  `s`.`branch_id` = 12  AND `s`.`sid` = '37'  AND `o`.`aid` = '29'  AND `o`.`goods_id` = 21  AND `o`.`type` = 2 LIMIT 1 [ RunTime:0.099000s ]
[ sql ] [ SQL ] SELECT SUM(goods_num) AS tp_sum FROM `ka_sales_man` `s` INNER JOIN `ka_orders` `o` ON `o`.`operator_id`=`s`.`id` WHERE  `s`.`branch_id` = 12  AND `s`.`sid` = '37'  AND `o`.`aid` = '29'  AND `o`.`goods_id` = 21  AND `o`.`type` = 2 LIMIT 1 [ RunTime:0.100000s ]
[ sql ] [ SQL ] SELECT COUNT(*) AS tp_count FROM `ka_sales_man` `s` INNER JOIN `ka_orders` `o` ON `o`.`operator_id`=`s`.`id` WHERE  `s`.`branch_id` = 12  AND `s`.`sid` = '37'  AND `o`.`aid` = '29'  AND `o`.`goods_id` = 25  AND `o`.`type` = 2 LIMIT 1 [ RunTime:0.100000s ]
[ sql ] [ SQL ] SELECT SUM(goods_num) AS tp_sum FROM `ka_sales_man` `s` INNER JOIN `ka_orders` `o` ON `o`.`operator_id`=`s`.`id` WHERE  `s`.`branch_id` = 12  AND `s`.`sid` = '37'  AND `o`.`aid` = '29'  AND `o`.`goods_id` = 25  AND `o`.`type` = 2 LIMIT 1 [ RunTime:0.104000s ]
[ sql ] [ SQL ] SELECT COUNT(*) AS tp_count FROM `ka_sales_man` `s` INNER JOIN `ka_orders` `o` ON `o`.`operator_id`=`s`.`id` WHERE  `s`.`branch_id` = 12  AND `s`.`sid` = '37'  AND `o`.`aid` = '29'  AND `o`.`goods_id` = 32  AND `o`.`type` = 2 LIMIT 1 [ RunTime:0.105000s ]
[ sql ] [ SQL ] SELECT SUM(goods_num) AS tp_sum FROM `ka_sales_man` `s` INNER JOIN `ka_orders` `o` ON `o`.`operator_id`=`s`.`id` WHERE  `s`.`branch_id` = 12  AND `s`.`sid` = '37'  AND `o`.`aid` = '29'  AND `o`.`goods_id` = 32  AND `o`.`type` = 2 LIMIT 1 [ RunTime:0.100000s ]
[ sql ] [ SQL ] SELECT * FROM `ka_sales_man` WHERE  `id` = 12  AND `sid` = 37 LIMIT 1 [ RunTime:0.106000s ]
[ sql ] [ SQL ] SHOW COLUMNS FROM `ka_banks` [ RunTime:0.124000s ]
[ sql ] [ SQL ] SELECT `id`,`name` FROM `ka_banks` WHERE  `id` = 12 LIMIT 1 [ RunTime:0.107000s ]

---------------------------------------------------------------
